<?xml version="1.0" encoding="UTF-8"?>
<!-- Generated by org.testng.reporters.JUnitXMLReporter -->
<testsuite ignored="0" hostname="LTIN518331" failures="0" tests="18" name="mytest" time="80.812" errors="0" timestamp="2024-06-05T23:20:02 IST">
  <testcase classname="worldclock1.WorldClocktest" name="details" time="3.247"/>
  <testcase classname="worldclock1.WorldClocktest" name="validateWorldclock" time="2.555"/>
  <testcase classname="worldclock1.WorldClocktest" name="validatecurrentWeek" time="2.052"/>
  <testcase classname="worldclock1.WorldClocktest" name="validatedate" time="3.044"/>
  <testcase classname="worldclock1.WorldClocktest" name="validatebangtimezone" time="3.044"/>
  <testcase classname="worldclock1.WorldClocktest" name="bangtimevalidate" time="0.071"/>
  <testcase classname="worldclock1.WorldClocktest" name="londontimezoneValidate" time="0.035"/>
  <testcase classname="worldclock1.WorldClocktest" name="LondonTimeValidate" time="0.032"/>
  <testcase classname="worldclock1.WorldClocktest" name="LondonTimeZonedifValidate" time="0.039"/>
  <testcase classname="worldclock1.WorldClocktest" name="NYtimezonevalidate" time="0.029"/>
  <testcase classname="worldclock1.WorldClocktest" name="NYtimevalidate" time="0.03"/>
  <testcase classname="worldclock1.WorldClocktest" name="NYtimedifvalidate" time="0.032"/>
  <testcase classname="worldclock1.WorldClocktest" name="Nclosepopup" time="0.179"/>
  <testcase classname="worldclock1.WorldClocktest" name="clickonecognizant" time="1.354"/>
  <testcase classname="worldclock1.WorldClocktest" name="changewindow" time="0.086"/>
  <testcase classname="worldclock1.WorldClocktest" name="Clickallapps" time="3.405"/>
  <testcase classname="worldclock1.WorldClocktest" name="ValidateAtoZ" time="5.065"/>
  <testcase classname="worldclock1.WorldClocktest" name="Clickonalphabate" time="22.037"/>
</testsuite> <!-- mytest -->
